nodeURL is: rmi://LAPTOP-CSNHLNIB:1099/node02
Hash for this serverName is: 536055441
rmi://LAPTOP-CSNHLNIB:1099/node02 init table for
setting up the fingers for: rmi://LAPTOP-CSNHLNIB:1099/node02
rmi://LAPTOP-CSNHLNIB:1099/node02 init table complete
find predecessor by: rmi://LAPTOP-CSNHLNIB:1099/node02 for start: 536055441
rmi://LAPTOP-CSNHLNIB:1099/node02 closest preceding finger for key: 536055441
find predecessor by: rmi://LAPTOP-CSNHLNIB:1099/node02 for start: 536055440
rmi://LAPTOP-CSNHLNIB:1099/node02 closest preceding finger for key: 536055440
find predecessor by: rmi://LAPTOP-CSNHLNIB:1099/node02 for start: 536055438
rmi://LAPTOP-CSNHLNIB:1099/node02 closest preceding finger for key: 536055438
find predecessor by: rmi://LAPTOP-CSNHLNIB:1099/node02 for start: 536055434
rmi://LAPTOP-CSNHLNIB:1099/node02 closest preceding finger for key: 536055434
find predecessor by: rmi://LAPTOP-CSNHLNIB:1099/node02 for start: 536055426
rmi://LAPTOP-CSNHLNIB:1099/node02 closest preceding finger for key: 536055426
find predecessor by: rmi://LAPTOP-CSNHLNIB:1099/node02 for start: 536055410
rmi://LAPTOP-CSNHLNIB:1099/node02 closest preceding finger for key: 536055410
find predecessor by: rmi://LAPTOP-CSNHLNIB:1099/node02 for start: 536055378
rmi://LAPTOP-CSNHLNIB:1099/node02 closest preceding finger for key: 536055378
find predecessor by: rmi://LAPTOP-CSNHLNIB:1099/node02 for start: 536055314
rmi://LAPTOP-CSNHLNIB:1099/node02 closest preceding finger for key: 536055314
find predecessor by: rmi://LAPTOP-CSNHLNIB:1099/node02 for start: 536055186
rmi://LAPTOP-CSNHLNIB:1099/node02 closest preceding finger for key: 536055186
find predecessor by: rmi://LAPTOP-CSNHLNIB:1099/node02 for start: 536054930
rmi://LAPTOP-CSNHLNIB:1099/node02 closest preceding finger for key: 536054930
find predecessor by: rmi://LAPTOP-CSNHLNIB:1099/node02 for start: 536054418
rmi://LAPTOP-CSNHLNIB:1099/node02 closest preceding finger for key: 536054418
find predecessor by: rmi://LAPTOP-CSNHLNIB:1099/node02 for start: 536053394
rmi://LAPTOP-CSNHLNIB:1099/node02 closest preceding finger for key: 536053394
find predecessor by: rmi://LAPTOP-CSNHLNIB:1099/node02 for start: 536051346
rmi://LAPTOP-CSNHLNIB:1099/node02 closest preceding finger for key: 536051346
find predecessor by: rmi://LAPTOP-CSNHLNIB:1099/node02 for start: 536047250
rmi://LAPTOP-CSNHLNIB:1099/node02 closest preceding finger for key: 536047250
find predecessor by: rmi://LAPTOP-CSNHLNIB:1099/node02 for start: 536039058
rmi://LAPTOP-CSNHLNIB:1099/node02 closest preceding finger for key: 536039058
find predecessor by: rmi://LAPTOP-CSNHLNIB:1099/node02 for start: 536022674
rmi://LAPTOP-CSNHLNIB:1099/node02 closest preceding finger for key: 536022674
find predecessor by: rmi://LAPTOP-CSNHLNIB:1099/node02 for start: 535989906
rmi://LAPTOP-CSNHLNIB:1099/node02 closest preceding finger for key: 535989906
find predecessor by: rmi://LAPTOP-CSNHLNIB:1099/node02 for start: 535924370
rmi://LAPTOP-CSNHLNIB:1099/node02 closest preceding finger for key: 535924370
find predecessor by: rmi://LAPTOP-CSNHLNIB:1099/node02 for start: 535793298
rmi://LAPTOP-CSNHLNIB:1099/node02 closest preceding finger for key: 535793298
find predecessor by: rmi://LAPTOP-CSNHLNIB:1099/node02 for start: 535531154
rmi://LAPTOP-CSNHLNIB:1099/node02 closest preceding finger for key: 535531154
find predecessor by: rmi://LAPTOP-CSNHLNIB:1099/node02 for start: 535006866
rmi://LAPTOP-CSNHLNIB:1099/node02 closest preceding finger for key: 535006866
find predecessor by: rmi://LAPTOP-CSNHLNIB:1099/node02 for start: 533958290
rmi://LAPTOP-CSNHLNIB:1099/node02 closest preceding finger for key: 533958290
find predecessor by: rmi://LAPTOP-CSNHLNIB:1099/node02 for start: 531861138
rmi://LAPTOP-CSNHLNIB:1099/node02 closest preceding finger for key: 531861138
find predecessor by: rmi://LAPTOP-CSNHLNIB:1099/node02 for start: 527666834
rmi://LAPTOP-CSNHLNIB:1099/node02 closest preceding finger for key: 527666834
find predecessor by: rmi://LAPTOP-CSNHLNIB:1099/node02 for start: 519278226
rmi://LAPTOP-CSNHLNIB:1099/node02 closest preceding finger for key: 519278226
find predecessor by: rmi://LAPTOP-CSNHLNIB:1099/node02 for start: 502501010
rmi://LAPTOP-CSNHLNIB:1099/node02 closest preceding finger for key: 502501010
find predecessor by: rmi://LAPTOP-CSNHLNIB:1099/node02 for start: 468946578
rmi://LAPTOP-CSNHLNIB:1099/node02 closest preceding finger for key: 468946578
find predecessor by: rmi://LAPTOP-CSNHLNIB:1099/node02 for start: 401837714
rmi://LAPTOP-CSNHLNIB:1099/node02 closest preceding finger for key: 401837714
find predecessor by: rmi://LAPTOP-CSNHLNIB:1099/node02 for start: 267619986
rmi://LAPTOP-CSNHLNIB:1099/node02 closest preceding finger for key: 267619986
find predecessor by: rmi://LAPTOP-CSNHLNIB:1099/node02 for start: -815470
rmi://LAPTOP-CSNHLNIB:1099/node02 closest preceding finger for key: -815470
find predecessor by: rmi://LAPTOP-CSNHLNIB:1099/node02 for start: -537686382
rmi://LAPTOP-CSNHLNIB:1099/node02 closest preceding finger for key: -537686382
Using the supplied RMI registry port: 1099
------Printing Local Dictionary----

------Printing Local Dictionary----

