nodeURL is: rmi://LAPTOP-CSNHLNIB:1099/node01
Hash for this serverName is: 519277822
rmi://LAPTOP-CSNHLNIB:1099/node01 init table for
setting up the fingers for: rmi://LAPTOP-CSNHLNIB:1099/node01
rmi://LAPTOP-CSNHLNIB:1099/node01 init table complete
find predecessor by: rmi://LAPTOP-CSNHLNIB:1099/node01 for start: 519277822
rmi://LAPTOP-CSNHLNIB:1099/node01 closest preceding finger for key: 519277822
find predecessor by: rmi://LAPTOP-CSNHLNIB:1099/node01 for start: 519277821
rmi://LAPTOP-CSNHLNIB:1099/node01 closest preceding finger for key: 519277821
find predecessor by: rmi://LAPTOP-CSNHLNIB:1099/node01 for start: 519277819
rmi://LAPTOP-CSNHLNIB:1099/node01 closest preceding finger for key: 519277819
find predecessor by: rmi://LAPTOP-CSNHLNIB:1099/node01 for start: 519277815
rmi://LAPTOP-CSNHLNIB:1099/node01 closest preceding finger for key: 519277815
find predecessor by: rmi://LAPTOP-CSNHLNIB:1099/node01 for start: 519277807
rmi://LAPTOP-CSNHLNIB:1099/node01 closest preceding finger for key: 519277807
find predecessor by: rmi://LAPTOP-CSNHLNIB:1099/node01 for start: 519277791
rmi://LAPTOP-CSNHLNIB:1099/node01 closest preceding finger for key: 519277791
find predecessor by: rmi://LAPTOP-CSNHLNIB:1099/node01 for start: 519277759
rmi://LAPTOP-CSNHLNIB:1099/node01 closest preceding finger for key: 519277759
find predecessor by: rmi://LAPTOP-CSNHLNIB:1099/node01 for start: 519277695
rmi://LAPTOP-CSNHLNIB:1099/node01 closest preceding finger for key: 519277695
find predecessor by: rmi://LAPTOP-CSNHLNIB:1099/node01 for start: 519277567
rmi://LAPTOP-CSNHLNIB:1099/node01 closest preceding finger for key: 519277567
find predecessor by: rmi://LAPTOP-CSNHLNIB:1099/node01 for start: 519277311
rmi://LAPTOP-CSNHLNIB:1099/node01 closest preceding finger for key: 519277311
find predecessor by: rmi://LAPTOP-CSNHLNIB:1099/node01 for start: 519276799
rmi://LAPTOP-CSNHLNIB:1099/node01 closest preceding finger for key: 519276799
find predecessor by: rmi://LAPTOP-CSNHLNIB:1099/node01 for start: 519275775
rmi://LAPTOP-CSNHLNIB:1099/node01 closest preceding finger for key: 519275775
find predecessor by: rmi://LAPTOP-CSNHLNIB:1099/node01 for start: 519273727
rmi://LAPTOP-CSNHLNIB:1099/node01 closest preceding finger for key: 519273727
find predecessor by: rmi://LAPTOP-CSNHLNIB:1099/node01 for start: 519269631
rmi://LAPTOP-CSNHLNIB:1099/node01 closest preceding finger for key: 519269631
find predecessor by: rmi://LAPTOP-CSNHLNIB:1099/node01 for start: 519261439
rmi://LAPTOP-CSNHLNIB:1099/node01 closest preceding finger for key: 519261439
find predecessor by: rmi://LAPTOP-CSNHLNIB:1099/node01 for start: 519245055
rmi://LAPTOP-CSNHLNIB:1099/node01 closest preceding finger for key: 519245055
find predecessor by: rmi://LAPTOP-CSNHLNIB:1099/node01 for start: 519212287
rmi://LAPTOP-CSNHLNIB:1099/node01 closest preceding finger for key: 519212287
find predecessor by: rmi://LAPTOP-CSNHLNIB:1099/node01 for start: 519146751
rmi://LAPTOP-CSNHLNIB:1099/node01 closest preceding finger for key: 519146751
find predecessor by: rmi://LAPTOP-CSNHLNIB:1099/node01 for start: 519015679
rmi://LAPTOP-CSNHLNIB:1099/node01 closest preceding finger for key: 519015679
find predecessor by: rmi://LAPTOP-CSNHLNIB:1099/node01 for start: 518753535
rmi://LAPTOP-CSNHLNIB:1099/node01 closest preceding finger for key: 518753535
find predecessor by: rmi://LAPTOP-CSNHLNIB:1099/node01 for start: 518229247
rmi://LAPTOP-CSNHLNIB:1099/node01 closest preceding finger for key: 518229247
find predecessor by: rmi://LAPTOP-CSNHLNIB:1099/node01 for start: 517180671
rmi://LAPTOP-CSNHLNIB:1099/node01 closest preceding finger for key: 517180671
find predecessor by: rmi://LAPTOP-CSNHLNIB:1099/node01 for start: 515083519
rmi://LAPTOP-CSNHLNIB:1099/node01 closest preceding finger for key: 515083519
find predecessor by: rmi://LAPTOP-CSNHLNIB:1099/node01 for start: 510889215
rmi://LAPTOP-CSNHLNIB:1099/node01 closest preceding finger for key: 510889215
find predecessor by: rmi://LAPTOP-CSNHLNIB:1099/node01 for start: 502500607
rmi://LAPTOP-CSNHLNIB:1099/node01 closest preceding finger for key: 502500607
find predecessor by: rmi://LAPTOP-CSNHLNIB:1099/node01 for start: 485723391
rmi://LAPTOP-CSNHLNIB:1099/node01 closest preceding finger for key: 485723391
find predecessor by: rmi://LAPTOP-CSNHLNIB:1099/node01 for start: 452168959
rmi://LAPTOP-CSNHLNIB:1099/node01 closest preceding finger for key: 452168959
find predecessor by: rmi://LAPTOP-CSNHLNIB:1099/node01 for start: 385060095
rmi://LAPTOP-CSNHLNIB:1099/node01 closest preceding finger for key: 385060095
find predecessor by: rmi://LAPTOP-CSNHLNIB:1099/node01 for start: 250842367
rmi://LAPTOP-CSNHLNIB:1099/node01 closest preceding finger for key: 250842367
find predecessor by: rmi://LAPTOP-CSNHLNIB:1099/node01 for start: -17593089
rmi://LAPTOP-CSNHLNIB:1099/node01 closest preceding finger for key: -17593089
find predecessor by: rmi://LAPTOP-CSNHLNIB:1099/node01 for start: -554464001
rmi://LAPTOP-CSNHLNIB:1099/node01 closest preceding finger for key: -554464001
Using the supplied RMI registry port: 1099
------Printing Local Dictionary----

