nodeURL is: rmi://LAPTOP-CSNHLNIB:1099/node03
Hash for this serverName is: 552833060
rmi://LAPTOP-CSNHLNIB:1099/node03 init table for
setting up the fingers for: rmi://LAPTOP-CSNHLNIB:1099/node03
rmi://LAPTOP-CSNHLNIB:1099/node03 init table complete
find predecessor by: rmi://LAPTOP-CSNHLNIB:1099/node03 for start: 552833060
rmi://LAPTOP-CSNHLNIB:1099/node03 closest preceding finger for key: 552833060
find predecessor by: rmi://LAPTOP-CSNHLNIB:1099/node03 for start: 552833059
rmi://LAPTOP-CSNHLNIB:1099/node03 closest preceding finger for key: 552833059
find predecessor by: rmi://LAPTOP-CSNHLNIB:1099/node03 for start: 552833057
rmi://LAPTOP-CSNHLNIB:1099/node03 closest preceding finger for key: 552833057
find predecessor by: rmi://LAPTOP-CSNHLNIB:1099/node03 for start: 552833053
rmi://LAPTOP-CSNHLNIB:1099/node03 closest preceding finger for key: 552833053
find predecessor by: rmi://LAPTOP-CSNHLNIB:1099/node03 for start: 552833045
rmi://LAPTOP-CSNHLNIB:1099/node03 closest preceding finger for key: 552833045
find predecessor by: rmi://LAPTOP-CSNHLNIB:1099/node03 for start: 552833029
rmi://LAPTOP-CSNHLNIB:1099/node03 closest preceding finger for key: 552833029
find predecessor by: rmi://LAPTOP-CSNHLNIB:1099/node03 for start: 552832997
rmi://LAPTOP-CSNHLNIB:1099/node03 closest preceding finger for key: 552832997
find predecessor by: rmi://LAPTOP-CSNHLNIB:1099/node03 for start: 552832933
rmi://LAPTOP-CSNHLNIB:1099/node03 closest preceding finger for key: 552832933
find predecessor by: rmi://LAPTOP-CSNHLNIB:1099/node03 for start: 552832805
rmi://LAPTOP-CSNHLNIB:1099/node03 closest preceding finger for key: 552832805
find predecessor by: rmi://LAPTOP-CSNHLNIB:1099/node03 for start: 552832549
rmi://LAPTOP-CSNHLNIB:1099/node03 closest preceding finger for key: 552832549
find predecessor by: rmi://LAPTOP-CSNHLNIB:1099/node03 for start: 552832037
rmi://LAPTOP-CSNHLNIB:1099/node03 closest preceding finger for key: 552832037
find predecessor by: rmi://LAPTOP-CSNHLNIB:1099/node03 for start: 552831013
rmi://LAPTOP-CSNHLNIB:1099/node03 closest preceding finger for key: 552831013
find predecessor by: rmi://LAPTOP-CSNHLNIB:1099/node03 for start: 552828965
rmi://LAPTOP-CSNHLNIB:1099/node03 closest preceding finger for key: 552828965
find predecessor by: rmi://LAPTOP-CSNHLNIB:1099/node03 for start: 552824869
rmi://LAPTOP-CSNHLNIB:1099/node03 closest preceding finger for key: 552824869
find predecessor by: rmi://LAPTOP-CSNHLNIB:1099/node03 for start: 552816677
rmi://LAPTOP-CSNHLNIB:1099/node03 closest preceding finger for key: 552816677
find predecessor by: rmi://LAPTOP-CSNHLNIB:1099/node03 for start: 552800293
rmi://LAPTOP-CSNHLNIB:1099/node03 closest preceding finger for key: 552800293
find predecessor by: rmi://LAPTOP-CSNHLNIB:1099/node03 for start: 552767525
rmi://LAPTOP-CSNHLNIB:1099/node03 closest preceding finger for key: 552767525
find predecessor by: rmi://LAPTOP-CSNHLNIB:1099/node03 for start: 552701989
rmi://LAPTOP-CSNHLNIB:1099/node03 closest preceding finger for key: 552701989
find predecessor by: rmi://LAPTOP-CSNHLNIB:1099/node03 for start: 552570917
rmi://LAPTOP-CSNHLNIB:1099/node03 closest preceding finger for key: 552570917
find predecessor by: rmi://LAPTOP-CSNHLNIB:1099/node03 for start: 552308773
rmi://LAPTOP-CSNHLNIB:1099/node03 closest preceding finger for key: 552308773
find predecessor by: rmi://LAPTOP-CSNHLNIB:1099/node03 for start: 551784485
rmi://LAPTOP-CSNHLNIB:1099/node03 closest preceding finger for key: 551784485
find predecessor by: rmi://LAPTOP-CSNHLNIB:1099/node03 for start: 550735909
rmi://LAPTOP-CSNHLNIB:1099/node03 closest preceding finger for key: 550735909
find predecessor by: rmi://LAPTOP-CSNHLNIB:1099/node03 for start: 548638757
rmi://LAPTOP-CSNHLNIB:1099/node03 closest preceding finger for key: 548638757
find predecessor by: rmi://LAPTOP-CSNHLNIB:1099/node03 for start: 544444453
rmi://LAPTOP-CSNHLNIB:1099/node03 closest preceding finger for key: 544444453
find predecessor by: rmi://LAPTOP-CSNHLNIB:1099/node03 for start: 536055845
rmi://LAPTOP-CSNHLNIB:1099/node03 closest preceding finger for key: 536055845
find predecessor by: rmi://LAPTOP-CSNHLNIB:1099/node03 for start: 519278629
rmi://LAPTOP-CSNHLNIB:1099/node03 closest preceding finger for key: 519278629
find predecessor by: rmi://LAPTOP-CSNHLNIB:1099/node03 for start: 485724197
rmi://LAPTOP-CSNHLNIB:1099/node03 closest preceding finger for key: 485724197
find predecessor by: rmi://LAPTOP-CSNHLNIB:1099/node03 for start: 418615333
rmi://LAPTOP-CSNHLNIB:1099/node03 closest preceding finger for key: 418615333
find predecessor by: rmi://LAPTOP-CSNHLNIB:1099/node03 for start: 284397605
rmi://LAPTOP-CSNHLNIB:1099/node03 closest preceding finger for key: 284397605
find predecessor by: rmi://LAPTOP-CSNHLNIB:1099/node03 for start: 15962149
rmi://LAPTOP-CSNHLNIB:1099/node03 closest preceding finger for key: 15962149
find predecessor by: rmi://LAPTOP-CSNHLNIB:1099/node03 for start: -520908763
rmi://LAPTOP-CSNHLNIB:1099/node03 closest preceding finger for key: -520908763
Using the supplied RMI registry port: 1099
------Printing Local Dictionary----

